steps/online/nnet2/align.sh --nj 1 /home/chiranjeevi/kaldi/egs/chiru/FA_wordTrans/data /home/chiranjeevi/kaldi/egs/chiru/FA_wordTrans/data/lang /home/chiranjeevi/kaldi/egs/lex/exp/nnet2_online/nnet_ms_a_online /home/chiranjeevi/kaldi/egs/lex/exp/nnet2_online/nnet_ms_a_online/ali
steps/online/nnet2/align.sh [info]: no segments file exists, using wav.scp.
/home/chiranjeevi/kaldi/egs/chiru/FA_wordTrans
steps/online/nnet2/align.sh: aligning data in /home/chiranjeevi/kaldi/egs/chiru/FA_wordTrans/data using model from /home/chiranjeevi/kaldi/egs/lex/exp/nnet2_online/nnet_ms_a_online, putting alignments in /home/chiranjeevi/kaldi/egs/lex/exp/nnet2_online/nnet_ms_a_online/ali
 RUNNNNNNN
steps/online/nnet2/align.sh: done aligning data.
/home/chiranjeevi/kaldi/egs/chiru/FA_wordTrans , hehhehehhehehhehhehehhe
steps/online/nnet2/align.sh --nj 1 /home/chiranjeevi/kaldi/egs/lex/data /home/chiranjeevi/kaldi/egs/lex/data/lang /home/chiranjeevi/kaldi/egs/lex/exp/nnet2_online/nnet_ms_a_online /home/chiranjeevi/kaldi/egs/lex/exp/nnet2_online/nnet_ms_a_online/ali
steps/online/nnet2/align.sh [info]: no segments file exists, using wav.scp.
/home/chiranjeevi/kaldi/egs/chiru/FA_wordTrans
steps/online/nnet2/align.sh: aligning data in /home/chiranjeevi/kaldi/egs/lex/data using model from /home/chiranjeevi/kaldi/egs/lex/exp/nnet2_online/nnet_ms_a_online, putting alignments in /home/chiranjeevi/kaldi/egs/lex/exp/nnet2_online/nnet_ms_a_online/ali
 RUNNNNNNN
steps/online/nnet2/align.sh: done aligning data.
/home/chiranjeevi/kaldi/egs/chiru/FA_wordTrans , hehhehehhehehhehhehehhe
steps/online/nnet2/align.sh --nj 1 /home/chiranjeevi/kaldi/egs/chiru/FA_wordTrans/data /home/chiranjeevi/kaldi/egs/chiru/FA_wordTrans/data/lang /home/chiranjeevi/kaldi/egs/lex/exp/nnet2_online/nnet_ms_a_online /home/chiranjeevi/kaldi/egs/lex/exp/nnet2_online/nnet_ms_a_online/ali
steps/online/nnet2/align.sh [info]: no segments file exists, using wav.scp.
/home/chiranjeevi/kaldi/egs/chiru/FA_wordTrans
steps/online/nnet2/align.sh: aligning data in /home/chiranjeevi/kaldi/egs/chiru/FA_wordTrans/data using model from /home/chiranjeevi/kaldi/egs/lex/exp/nnet2_online/nnet_ms_a_online, putting alignments in /home/chiranjeevi/kaldi/egs/lex/exp/nnet2_online/nnet_ms_a_online/ali
 RUNNNNNNN
steps/online/nnet2/align.sh: done aligning data.
/home/chiranjeevi/kaldi/egs/chiru/FA_wordTrans , hehhehehhehehhehhehehhe
steps/online/nnet2/align.sh --nj 1 /home/chiranjeevi/kaldi/egs/chiru/FA_wordTrans/data /home/chiranjeevi/kaldi/egs/chiru/FA_wordTrans/data/lang /home/chiranjeevi/kaldi/egs/lex/exp/nnet2_online/nnet_ms_a_online /home/chiranjeevi/kaldi/egs/lex/exp/nnet2_online/nnet_ms_a_online/ali
steps/online/nnet2/align.sh [info]: no segments file exists, using wav.scp.
/home/chiranjeevi/kaldi/egs/chiru/FA_wordTrans
steps/online/nnet2/align.sh: aligning data in /home/chiranjeevi/kaldi/egs/chiru/FA_wordTrans/data using model from /home/chiranjeevi/kaldi/egs/lex/exp/nnet2_online/nnet_ms_a_online, putting alignments in /home/chiranjeevi/kaldi/egs/lex/exp/nnet2_online/nnet_ms_a_online/ali
 RUNNNNNNN
steps/online/nnet2/align.sh: done aligning data.
/home/chiranjeevi/kaldi/egs/chiru/FA_wordTrans , hehhehehhehehhehhehehhe
steps/online/nnet2/align.sh --nj 1 /home/chiranjeevi/kaldi/egs/chiru/FA_wordTrans/data /home/chiranjeevi/kaldi/egs/chiru/FA_wordTrans/data/lang /home/chiranjeevi/kaldi/egs/lex/exp/nnet2_online/nnet_ms_a_online /home/chiranjeevi/kaldi/egs/lex/exp/nnet2_online/nnet_ms_a_online/ali
steps/online/nnet2/align.sh [info]: no segments file exists, using wav.scp.
/home/chiranjeevi/kaldi/egs/chiru/FA_wordTrans
steps/online/nnet2/align.sh: aligning data in /home/chiranjeevi/kaldi/egs/chiru/FA_wordTrans/data using model from /home/chiranjeevi/kaldi/egs/lex/exp/nnet2_online/nnet_ms_a_online, putting alignments in /home/chiranjeevi/kaldi/egs/lex/exp/nnet2_online/nnet_ms_a_online/ali
 RUNNNNNNN
steps/online/nnet2/align.sh: done aligning data.
/home/chiranjeevi/kaldi/egs/chiru/FA_wordTrans , hehhehehhehehhehhehehhe
steps/online/nnet2/align.sh --nj 1 /home/chiranjeevi/kaldi/egs/chiru/FA_wordTrans/data /home/chiranjeevi/kaldi/egs/chiru/FA_wordTrans/data/lang /home/chiranjeevi/kaldi/egs/lex/exp/nnet2_online/nnet_ms_a_online /home/chiranjeevi/kaldi/egs/lex/exp/nnet2_online/nnet_ms_a_online/ali
steps/online/nnet2/align.sh [info]: no segments file exists, using wav.scp.
/home/chiranjeevi/kaldi/egs/chiru/FA_wordTrans
steps/online/nnet2/align.sh: aligning data in /home/chiranjeevi/kaldi/egs/chiru/FA_wordTrans/data using model from /home/chiranjeevi/kaldi/egs/lex/exp/nnet2_online/nnet_ms_a_online, putting alignments in /home/chiranjeevi/kaldi/egs/lex/exp/nnet2_online/nnet_ms_a_online/ali
 RUNNNNNNN
steps/online/nnet2/align.sh: done aligning data.
steps/online/nnet2/align.sh --nj 1 /home/chiranjeevi/kaldi/egs/chiru/FA_wordTrans/data /home/chiranjeevi/kaldi/egs/chiru/FA_wordTrans/data/lang /home/chiranjeevi/kaldi/egs/lex/exp/nnet2_online/nnet_ms_a_online /home/chiranjeevi/kaldi/egs/lex/exp/nnet2_online/nnet_ms_a_online/ali
steps/online/nnet2/align.sh [info]: no segments file exists, using wav.scp.
/home/chiranjeevi/kaldi/egs/chiru/FA_wordTrans
steps/online/nnet2/align.sh: aligning data in /home/chiranjeevi/kaldi/egs/chiru/FA_wordTrans/data using model from /home/chiranjeevi/kaldi/egs/lex/exp/nnet2_online/nnet_ms_a_online, putting alignments in /home/chiranjeevi/kaldi/egs/lex/exp/nnet2_online/nnet_ms_a_online/ali
 RUNNNNNNN
steps/online/nnet2/align.sh: done aligning data.
steps/online/nnet2/align.sh --nj 1 /home/chiranjeevi/kaldi/egs/chiru/FA_wordTrans/data /home/chiranjeevi/kaldi/egs/chiru/FA_wordTrans/data/lang /home/chiranjeevi/kaldi/egs/lex/exp/nnet2_online/nnet_ms_a_online /home/chiranjeevi/kaldi/egs/lex/exp/nnet2_online/nnet_ms_a_online/ali
steps/online/nnet2/align.sh [info]: no segments file exists, using wav.scp.
/home/chiranjeevi/kaldi/egs/chiru/FA_wordTrans
steps/online/nnet2/align.sh: aligning data in /home/chiranjeevi/kaldi/egs/chiru/FA_wordTrans/data using model from /home/chiranjeevi/kaldi/egs/lex/exp/nnet2_online/nnet_ms_a_online, putting alignments in /home/chiranjeevi/kaldi/egs/lex/exp/nnet2_online/nnet_ms_a_online/ali
 RUNNNNNNN
steps/online/nnet2/align.sh: done aligning data.
steps/online/nnet2/align.sh --nj 1 /home/chiranjeevi/kaldi/egs/chiru/FA_wordTrans/data /home/chiranjeevi/kaldi/egs/chiru/FA_wordTrans/data/lang /home/chiranjeevi/kaldi/egs/lex/exp/nnet2_online/nnet_ms_a_online /home/chiranjeevi/kaldi/egs/lex/exp/nnet2_online/nnet_ms_a_online/ali
utils/lang/check_phones_compatible.sh: phone symbol tables /home/chiranjeevi/kaldi/egs/chiru/FA_wordTrans/data/lang/phones.txt and /home/chiranjeevi/kaldi/egs/lex/exp/nnet2_online/nnet_ms_a_online/phones.txt are not compatible.
steps/online/nnet2/align.sh --nj 1 /home/chiranjeevi/kaldi/egs/chiru/FA_wordTrans/data /home/chiranjeevi/kaldi/egs/chiru/FA_wordTrans/data/lang /home/chiranjeevi/kaldi/egs/lex/exp/nnet2_online/nnet_ms_a_online /home/chiranjeevi/kaldi/egs/lex/exp/nnet2_online/nnet_ms_a_online/ali
utils/lang/check_phones_compatible.sh: phone symbol tables /home/chiranjeevi/kaldi/egs/chiru/FA_wordTrans/data/lang/phones.txt and /home/chiranjeevi/kaldi/egs/lex/exp/nnet2_online/nnet_ms_a_online/phones.txt are not compatible.
steps/online/nnet2/align.sh --nj 1 /home/chiranjeevi/kaldi/egs/chiru/FA_wordTrans/data /home/chiranjeevi/kaldi/egs/chiru/FA_wordTrans/data/lang /home/chiranjeevi/kaldi/egs/lex/exp/nnet2_online/nnet_ms_a_online /home/chiranjeevi/kaldi/egs/lex/exp/nnet2_online/nnet_ms_a_online/ali
utils/lang/check_phones_compatible.sh: phone symbol tables /home/chiranjeevi/kaldi/egs/chiru/FA_wordTrans/data/lang/phones.txt and /home/chiranjeevi/kaldi/egs/lex/exp/nnet2_online/nnet_ms_a_online/phones.txt are not compatible.
steps/online/nnet2/align.sh --nj 1 /home/chiranjeevi/kaldi/egs/lex/data /home/chiranjeevi/kaldi/egs/lex/data/lang /home/chiranjeevi/kaldi/egs/lex/exp/nnet2_online/nnet_ms_a_online /home/chiranjeevi/kaldi/egs/lex/exp/nnet2_online/nnet_ms_a_online/ali
utils/lang/check_phones_compatible.sh: phone symbol tables /home/chiranjeevi/kaldi/egs/lex/data/lang/phones.txt and /home/chiranjeevi/kaldi/egs/lex/exp/nnet2_online/nnet_ms_a_online/phones.txt are not compatible.
steps/online/nnet2/align.sh --nj 1 /home/chiranjeevi/kaldi/egs/lex/data /home/chiranjeevi/kaldi/egs/lex/data/lang /home/chiranjeevi/kaldi/egs/lex/exp/nnet2_online/nnet_ms_a_online /home/chiranjeevi/kaldi/egs/lex/exp/nnet2_online/nnet_ms_a_online/ali
utils/lang/check_phones_compatible.sh: phone symbol tables /home/chiranjeevi/kaldi/egs/lex/data/lang/phones.txt and /home/chiranjeevi/kaldi/egs/lex/exp/nnet2_online/nnet_ms_a_online/phones.txt are not compatible.
steps/online/nnet2/align.sh --nj 1 /home/chiranjeevi/kaldi/egs/lex/data /home/chiranjeevi/kaldi/egs/lex/data/lang /home/chiranjeevi/kaldi/egs/lex/exp/nnet2_online/nnet_ms_a_online /home/chiranjeevi/kaldi/egs/lex/exp/nnet2_online/nnet_ms_a_online/ali
steps/online/nnet2/align.sh [info]: no segments file exists, using wav.scp.
/home/chiranjeevi/kaldi/egs/chiru/FA_wordTrans
steps/online/nnet2/align.sh: aligning data in /home/chiranjeevi/kaldi/egs/lex/data using model from /home/chiranjeevi/kaldi/egs/lex/exp/nnet2_online/nnet_ms_a_online, putting alignments in /home/chiranjeevi/kaldi/egs/lex/exp/nnet2_online/nnet_ms_a_online/ali
 RUNNNNNNN
steps/online/nnet2/align.sh: done aligning data.
steps/online/nnet2/align.sh --nj 1 /home/chiranjeevi/kaldi/egs/lex/data /home/chiranjeevi/kaldi/egs/lex/data/lang /home/chiranjeevi/kaldi/egs/lex/exp/nnet2_online/nnet_ms_a_online /home/chiranjeevi/kaldi/egs/lex/exp/nnet2_online/nnet_ms_a_online/ali
steps/online/nnet2/align.sh [info]: no segments file exists, using wav.scp.
/home/chiranjeevi/kaldi/egs/chiru/FA_wordTrans
steps/online/nnet2/align.sh: aligning data in /home/chiranjeevi/kaldi/egs/lex/data using model from /home/chiranjeevi/kaldi/egs/lex/exp/nnet2_online/nnet_ms_a_online, putting alignments in /home/chiranjeevi/kaldi/egs/lex/exp/nnet2_online/nnet_ms_a_online/ali
 RUNNNNNNN
steps/online/nnet2/align.sh: done aligning data.
/home/chiranjeevi/kaldi/egs/chiru/FA_wordTrans , hehhehehhehehhehhehehhe
steps/online/nnet2/align.sh --nj 1 /home/chiranjeevi/kaldi/egs/lex/data /home/chiranjeevi/kaldi/egs/lex/data/lang /home/chiranjeevi/kaldi/egs/lex/exp/nnet2_online/nnet_ms_a_online /home/chiranjeevi/kaldi/egs/lex/exp/nnet2_online/nnet_ms_a_online/ali
steps/online/nnet2/align.sh [info]: no segments file exists, using wav.scp.
/home/chiranjeevi/kaldi/egs/chiru/FA_wordTrans
steps/online/nnet2/align.sh: aligning data in /home/chiranjeevi/kaldi/egs/lex/data using model from /home/chiranjeevi/kaldi/egs/lex/exp/nnet2_online/nnet_ms_a_online, putting alignments in /home/chiranjeevi/kaldi/egs/lex/exp/nnet2_online/nnet_ms_a_online/ali
 RUNNNNNNN
steps/online/nnet2/align.sh: done aligning data.
/home/chiranjeevi/kaldi/egs/chiru/FA_wordTrans , hehhehehhehehhehhehehhe
steps/online/nnet2/align.sh --nj 1 /home/chiranjeevi/kaldi/egs/lex/data /home/chiranjeevi/kaldi/egs/lex/data/lang /home/chiranjeevi/kaldi/egs/lex/exp/nnet2_online/nnet_ms_a_online /home/chiranjeevi/kaldi/egs/lex/exp/nnet2_online/nnet_ms_a_online/ali
utils/lang/check_phones_compatible.sh: phone symbol tables /home/chiranjeevi/kaldi/egs/lex/data/lang/phones.txt and /home/chiranjeevi/kaldi/egs/lex/exp/nnet2_online/nnet_ms_a_online/phones.txt are not compatible.
steps/online/nnet2/align.sh --nj 1 /home/chiranjeevi/kaldi/egs/chiru/FA_wordTrans/data /home/chiranjeevi/kaldi/egs/chiru/FA_wordTrans/data/lang /home/chiranjeevi/kaldi/egs/chiru/FA_wordTrans/exp/nnet2_online/nnet_ms_a_online /home/chiranjeevi/kaldi/egs/chiru/FA_wordTrans/exp/nnet2_online/nnet_ms_a_online/ali
steps/online/nnet2/align.sh [info]: no segments file exists, using wav.scp.
/home/chiranjeevi/kaldi/egs/chiru/FA_wordTrans
steps/online/nnet2/align.sh: aligning data in /home/chiranjeevi/kaldi/egs/chiru/FA_wordTrans/data using model from /home/chiranjeevi/kaldi/egs/chiru/FA_wordTrans/exp/nnet2_online/nnet_ms_a_online, putting alignments in /home/chiranjeevi/kaldi/egs/chiru/FA_wordTrans/exp/nnet2_online/nnet_ms_a_online/ali
 RUNNNNNNN
steps/online/nnet2/align.sh: done aligning data.
/home/chiranjeevi/kaldi/egs/chiru/FA_wordTrans , hehhehehhehehhehhehehhe
steps/online/nnet2/align.sh --nj 1 /home/chiranjeevi/kaldi/egs/lex/data /home/chiranjeevi/kaldi/egs/lex/data/lang /home/chiranjeevi/kaldi/egs/chiru/FA_wordTrans/exp/nnet2_online/nnet_ms_a_online /home/chiranjeevi/kaldi/egs/chiru/FA_wordTrans/exp/nnet2_online/nnet_ms_a_online/ali
steps/online/nnet2/align.sh [info]: no segments file exists, using wav.scp.
/home/chiranjeevi/kaldi/egs/chiru/FA_wordTrans
steps/online/nnet2/align.sh: aligning data in /home/chiranjeevi/kaldi/egs/lex/data using model from /home/chiranjeevi/kaldi/egs/chiru/FA_wordTrans/exp/nnet2_online/nnet_ms_a_online, putting alignments in /home/chiranjeevi/kaldi/egs/chiru/FA_wordTrans/exp/nnet2_online/nnet_ms_a_online/ali
 RUNNNNNNN
steps/online/nnet2/align.sh: done aligning data.
/home/chiranjeevi/kaldi/egs/chiru/FA_wordTrans , hehhehehhehehhehhehehhe
steps/online/nnet2/align.sh --nj 1 /home/chiranjeevi/kaldi/egs/lex/wavlib/data /home/chiranjeevi/kaldi/egs/lex/wavlib/data/lang /home/chiranjeevi/kaldi/egs/lex/wavlib/exp/nnet2_online/nnet_ms_a_online /home/chiranjeevi/kaldi/egs/lex/wavlib/exp/nnet2_online/nnet_ms_a_online/ali
steps/online/nnet2/align.sh --nj 1 /home/chiranjeevi/kaldi/egs/lex/wavlib/data /home/chiranjeevi/kaldi/egs/lex/wavlib/data/lang /home/chiranjeevi/kaldi/egs/lex/wavlib/exp/nnet2_online/nnet_ms_a_online /home/chiranjeevi/kaldi/egs/lex/wavlib/exp/nnet2_online/nnet_ms_a_online/ali
utils/lang/check_phones_compatible.sh: phone symbol tables /home/chiranjeevi/kaldi/egs/lex/wavlib/data/lang/phones.txt and /home/chiranjeevi/kaldi/egs/lex/wavlib/exp/nnet2_online/nnet_ms_a_online/phones.txt are not compatible.
steps/online/nnet2/align.sh --nj 1 /home/chiranjeevi/kaldi/egs/lex/wavlib/data /home/chiranjeevi/kaldi/egs/lex/wavlib/data/lang /home/chiranjeevi/kaldi/egs/lex/wavlib/exp/nnet2_online/nnet_ms_a_online /home/chiranjeevi/kaldi/egs/lex/wavlib/exp/nnet2_online/nnet_ms_a_online/ali
utils/lang/check_phones_compatible.sh: phone symbol tables /home/chiranjeevi/kaldi/egs/lex/wavlib/data/lang/phones.txt and /home/chiranjeevi/kaldi/egs/lex/wavlib/exp/nnet2_online/nnet_ms_a_online/phones.txt are not compatible.
steps/online/nnet2/align.sh --nj 1 /home/chiranjeevi/kaldi/egs/lex/wavlib/data /home/chiranjeevi/kaldi/egs/lex/wavlib/data/lang /home/chiranjeevi/kaldi/egs/lex/wavlib/exp/nnet2_online/nnet_ms_a_online /home/chiranjeevi/kaldi/egs/lex/wavlib/exp/nnet2_online/nnet_ms_a_online/ali
utils/lang/check_phones_compatible.sh: phone symbol tables /home/chiranjeevi/kaldi/egs/lex/wavlib/data/lang/phones.txt and /home/chiranjeevi/kaldi/egs/lex/wavlib/exp/nnet2_online/nnet_ms_a_online/phones.txt are not compatible.
steps/online/nnet2/align.sh --nj 1 /home/chiranjeevi/kaldi/egs/lex/wavlib/data /home/chiranjeevi/kaldi/egs/lex/wavlib/data/lang /home/chiranjeevi/kaldi/egs/lex/wavlib/exp/nnet2_online/nnet_ms_a_online /home/chiranjeevi/kaldi/egs/lex/wavlib/exp/nnet2_online/nnet_ms_a_online/ali
utils/lang/check_phones_compatible.sh: phone symbol tables /home/chiranjeevi/kaldi/egs/lex/wavlib/data/lang/phones.txt and /home/chiranjeevi/kaldi/egs/lex/wavlib/exp/nnet2_online/nnet_ms_a_online/phones.txt are not compatible.
steps/online/nnet2/align.sh --nj 1 /home/chiranjeevi/kaldi/egs/lex/wavlib/data /home/chiranjeevi/kaldi/egs/lex/wavlib/data/lang /home/chiranjeevi/kaldi/egs/lex/wavlib/exp/nnet2_online/nnet_ms_a_online /home/chiranjeevi/kaldi/egs/lex/wavlib/exp/nnet2_online/nnet_ms_a_online/ali
utils/lang/check_phones_compatible.sh: phone symbol tables /home/chiranjeevi/kaldi/egs/lex/wavlib/data/lang/phones.txt and /home/chiranjeevi/kaldi/egs/lex/wavlib/exp/nnet2_online/nnet_ms_a_online/phones.txt are not compatible.
steps/online/nnet2/align.sh --nj 1 /home/chiranjeevi/kaldi/egs/lex/wavlib/data /home/chiranjeevi/kaldi/egs/lex/wavlib/data/lang /home/chiranjeevi/kaldi/egs/lex/wavlib/exp/nnet2_online/nnet_ms_a_online /home/chiranjeevi/kaldi/egs/lex/wavlib/exp/nnet2_online/nnet_ms_a_online/ali
utils/lang/check_phones_compatible.sh: phone symbol tables /home/chiranjeevi/kaldi/egs/lex/wavlib/data/lang/phones.txt and /home/chiranjeevi/kaldi/egs/lex/wavlib/exp/nnet2_online/nnet_ms_a_online/phones.txt are not compatible.
steps/online/nnet2/align.sh --nj 1 /home/chiranjeevi/kaldi/egs/lex/wavlib/data /home/chiranjeevi/kaldi/egs/lex/wavlib/data/lang /home/chiranjeevi/kaldi/egs/lex/wavlib/exp/nnet2_online/nnet_ms_a_online /home/chiranjeevi/kaldi/egs/lex/wavlib/exp/nnet2_online/nnet_ms_a_online/ali
utils/lang/check_phones_compatible.sh: phone symbol tables /home/chiranjeevi/kaldi/egs/lex/wavlib/data/lang/phones.txt and /home/chiranjeevi/kaldi/egs/lex/wavlib/exp/nnet2_online/nnet_ms_a_online/phones.txt are not compatible.
steps/online/nnet2/align.sh --nj 1 /home/chiranjeevi/kaldi/egs/lex/wavlib/data /home/chiranjeevi/kaldi/egs/lex/wavlib/data/lang /home/chiranjeevi/kaldi/egs/lex/wavlib/exp/nnet2_online/nnet_ms_a_online /home/chiranjeevi/kaldi/egs/lex/wavlib/exp/nnet2_online/nnet_ms_a_online/ali
steps/online/nnet2/align.sh --nj 1 /home/chiranjeevi/kaldi/egs/lex/wavlib/data /home/chiranjeevi/kaldi/egs/lex/wavlib/data/lang /home/chiranjeevi/kaldi/egs/lex/wavlib/exp/nnet2_online/nnet_ms_a_online /home/chiranjeevi/kaldi/egs/lex/wavlib/exp/nnet2_online/nnet_ms_a_online/ali
steps/online/nnet2/align.sh [info]: no segments file exists, using wav.scp.
steps/online/nnet2/align.sh: aligning data in /home/chiranjeevi/kaldi/egs/lex/wavlib/data using model from /home/chiranjeevi/kaldi/egs/lex/wavlib/exp/nnet2_online/nnet_ms_a_online, putting alignments in /home/chiranjeevi/kaldi/egs/lex/wavlib/exp/nnet2_online/nnet_ms_a_online/ali
steps/online/nnet2/align.sh: done aligning data.
hehehehehhehehhehehheeeeeeeeeeeeeeeeeeeeeeeeeeeeeeeeeeeeeeeee
hehe,/home/chiranjeevi/kaldi/egs/lex
steps/online/nnet2/align.sh --nj 1 /home/chiranjeevi/kaldi/egs/lex/wavlib/data /home/chiranjeevi/kaldi/egs/lex/wavlib/data/lang /home/chiranjeevi/kaldi/egs/lex/wavlib/exp/nnet2_online/nnet_ms_a_online /home/chiranjeevi/kaldi/egs/lex/wavlib/exp/nnet2_online/nnet_ms_a_online/ali
steps/online/nnet2/align.sh [info]: no segments file exists, using wav.scp.
steps/online/nnet2/align.sh: aligning data in /home/chiranjeevi/kaldi/egs/lex/wavlib/data using model from /home/chiranjeevi/kaldi/egs/lex/wavlib/exp/nnet2_online/nnet_ms_a_online, putting alignments in /home/chiranjeevi/kaldi/egs/lex/wavlib/exp/nnet2_online/nnet_ms_a_online/ali
steps/online/nnet2/align.sh: done aligning data.
hehehehehhehehhehehheeeeeeeeeeeeeeeeeeeeeeeeeeeeeeeeeeeeeeeee
hehe,/home/chiranjeevi/kaldi/egs/lex
steps/online/nnet2/align.sh --nj 1 /home/chiranjeevi/kaldi/egs/lex/wavlib/data /home/chiranjeevi/kaldi/egs/lex/wavlib/data/lang_test /home/chiranjeevi/kaldi/egs/lex/wavlib/exp/nnet2_online/nnet_ms_a_online /home/chiranjeevi/kaldi/egs/lex/wavlib/exp/nnet2_online/nnet_ms_a_online/ali
steps/online/nnet2/align.sh [info]: no segments file exists, using wav.scp.
steps/online/nnet2/align.sh: aligning data in /home/chiranjeevi/kaldi/egs/lex/wavlib/data using model from /home/chiranjeevi/kaldi/egs/lex/wavlib/exp/nnet2_online/nnet_ms_a_online, putting alignments in /home/chiranjeevi/kaldi/egs/lex/wavlib/exp/nnet2_online/nnet_ms_a_online/ali
steps/online/nnet2/align.sh: done aligning data.
hehehehehhehehhehehheeeeeeeeeeeeeeeeeeeeeeeeeeeeeeeeeeeeeeeee
hehe,/home/chiranjeevi/kaldi/egs/lex
steps/online/nnet2/align.sh --nj 1 /home/chiranjeevi/kaldi/egs/lex/wavlib/data /home/chiranjeevi/kaldi/egs/lex/wavlib/data/lang_test /home/chiranjeevi/kaldi/egs/lex/wavlib/exp/nnet2_online/nnet_ms_a_online /home/chiranjeevi/kaldi/egs/lex/wavlib/exp/nnet2_online/nnet_ms_a_online/ali
steps/online/nnet2/align.sh [info]: no segments file exists, using wav.scp.
steps/online/nnet2/align.sh: aligning data in /home/chiranjeevi/kaldi/egs/lex/wavlib/data using model from /home/chiranjeevi/kaldi/egs/lex/wavlib/exp/nnet2_online/nnet_ms_a_online, putting alignments in /home/chiranjeevi/kaldi/egs/lex/wavlib/exp/nnet2_online/nnet_ms_a_online/ali
steps/online/nnet2/align.sh: done aligning data.
hehehehehhehehhehehheeeeeeeeeeeeeeeeeeeeeeeeeeeeeeeeeeeeeeeee
hehe,/home/chiranjeevi/kaldi/egs/lex
steps/online/nnet2/align.sh --nj 1 /home/chiranjeevi/kaldi/egs/lex/wavlib/data /home/chiranjeevi/kaldi/egs/lex/wavlib/data/lang_test /home/chiranjeevi/kaldi/egs/lex/wavlib/exp/nnet2_online/nnet_ms_a_online /home/chiranjeevi/kaldi/egs/lex/wavlib/exp/nnet2_online/nnet_ms_a_online/ali
steps/online/nnet2/align.sh [info]: no segments file exists, using wav.scp.
steps/online/nnet2/align.sh: aligning data in /home/chiranjeevi/kaldi/egs/lex/wavlib/data using model from /home/chiranjeevi/kaldi/egs/lex/wavlib/exp/nnet2_online/nnet_ms_a_online, putting alignments in /home/chiranjeevi/kaldi/egs/lex/wavlib/exp/nnet2_online/nnet_ms_a_online/ali
steps/online/nnet2/align.sh: done aligning data.
hehehehehhehehhehehheeeeeeeeeeeeeeeeeeeeeeeeeeeeeeeeeeeeeeeee
hehe,/home/chiranjeevi/kaldi/egs/lex
steps/online/nnet2/align.sh --nj 1 /home/chiranjeevi/kaldi/egs/lex/wavlib/data /home/chiranjeevi/kaldi/egs/lex/wavlib/data/lang_test /home/chiranjeevi/kaldi/egs/lex/wavlib/exp/nnet2_online/nnet_ms_a_online /home/chiranjeevi/kaldi/egs/lex/wavlib/exp/nnet2_online/nnet_ms_a_online/ali
steps/online/nnet2/align.sh [info]: no segments file exists, using wav.scp.
steps/online/nnet2/align.sh: aligning data in /home/chiranjeevi/kaldi/egs/lex/wavlib/data using model from /home/chiranjeevi/kaldi/egs/lex/wavlib/exp/nnet2_online/nnet_ms_a_online, putting alignments in /home/chiranjeevi/kaldi/egs/lex/wavlib/exp/nnet2_online/nnet_ms_a_online/ali
steps/online/nnet2/align.sh: done aligning data.
hehehehehhehehhehehheeeeeeeeeeeeeeeeeeeeeeeeeeeeeeeeeeeeeeeee
hehe,/home/chiranjeevi/kaldi/egs/lex
1272-128104-0000
steps/online/nnet2/align.sh --nj 1 /home/chiranjeevi/kaldi/egs/lex/wavlib/data /home/chiranjeevi/kaldi/egs/lex/wavlib/data/lang_test /home/chiranjeevi/kaldi/egs/lex/wavlib/exp/nnet2_online/nnet_ms_a_online /home/chiranjeevi/kaldi/egs/lex/wavlib/exp/nnet2_online/nnet_ms_a_online/ali
steps/online/nnet2/align.sh [info]: no segments file exists, using wav.scp.
steps/online/nnet2/align.sh: aligning data in /home/chiranjeevi/kaldi/egs/lex/wavlib/data using model from /home/chiranjeevi/kaldi/egs/lex/wavlib/exp/nnet2_online/nnet_ms_a_online, putting alignments in /home/chiranjeevi/kaldi/egs/lex/wavlib/exp/nnet2_online/nnet_ms_a_online/ali
steps/online/nnet2/align.sh --nj 1 /home/chiranjeevi/kaldi/egs/lex/wavlib/data /home/chiranjeevi/kaldi/egs/lex/wavlib/data/lang_test /home/chiranjeevi/kaldi/egs/lex/wavlib/exp/nnet2_online/nnet_ms_a_online /home/chiranjeevi/kaldi/egs/lex/wavlib/exp/nnet2_online/nnet_ms_a_online/ali
steps/online/nnet2/align.sh [info]: no segments file exists, using wav.scp.
steps/online/nnet2/align.sh: aligning data in /home/chiranjeevi/kaldi/egs/lex/wavlib/data using model from /home/chiranjeevi/kaldi/egs/lex/wavlib/exp/nnet2_online/nnet_ms_a_online, putting alignments in /home/chiranjeevi/kaldi/egs/lex/wavlib/exp/nnet2_online/nnet_ms_a_online/ali
steps/online/nnet2/align.sh --nj 1 /home/chiranjeevi/kaldi/egs/lex/wavlib/data /home/chiranjeevi/kaldi/egs/lex/wavlib/data/lang_test /home/chiranjeevi/kaldi/egs/lex/wavlib/exp/nnet2_online/nnet_ms_a_online /home/chiranjeevi/kaldi/egs/lex/wavlib/exp/nnet2_online/nnet_ms_a_online/ali
steps/online/nnet2/align.sh [info]: no segments file exists, using wav.scp.
steps/online/nnet2/align.sh: aligning data in /home/chiranjeevi/kaldi/egs/lex/wavlib/data using model from /home/chiranjeevi/kaldi/egs/lex/wavlib/exp/nnet2_online/nnet_ms_a_online, putting alignments in /home/chiranjeevi/kaldi/egs/lex/wavlib/exp/nnet2_online/nnet_ms_a_online/ali
steps/online/nnet2/align.sh --nj 1 /home/chiranjeevi/kaldi/egs/lex/wavlib/data /home/chiranjeevi/kaldi/egs/lex/wavlib/data/lang_test /home/chiranjeevi/kaldi/egs/lex/wavlib/exp/nnet2_online/nnet_ms_a_online /home/chiranjeevi/kaldi/egs/lex/wavlib/exp/nnet2_online/nnet_ms_a_online/ali
steps/online/nnet2/align.sh [info]: no segments file exists, using wav.scp.
steps/online/nnet2/align.sh: aligning data in /home/chiranjeevi/kaldi/egs/lex/wavlib/data using model from /home/chiranjeevi/kaldi/egs/lex/wavlib/exp/nnet2_online/nnet_ms_a_online, putting alignments in /home/chiranjeevi/kaldi/egs/lex/wavlib/exp/nnet2_online/nnet_ms_a_online/ali
steps/online/nnet2/align.sh --nj 1 /home/chiranjeevi/kaldi/egs/lex/wavlib/data /home/chiranjeevi/kaldi/egs/lex/wavlib/data/lang /home/chiranjeevi/kaldi/egs/lex/wavlib/exp/nnet2_online/nnet_ms_a_online /home/chiranjeevi/kaldi/egs/lex/wavlib/exp/nnet2_online/nnet_ms_a_online/ali
steps/online/nnet2/align.sh [info]: no segments file exists, using wav.scp.
steps/online/nnet2/align.sh: aligning data in /home/chiranjeevi/kaldi/egs/lex/wavlib/data using model from /home/chiranjeevi/kaldi/egs/lex/wavlib/exp/nnet2_online/nnet_ms_a_online, putting alignments in /home/chiranjeevi/kaldi/egs/lex/wavlib/exp/nnet2_online/nnet_ms_a_online/ali
steps/online/nnet2/align.sh --nj 1 /home/chiranjeevi/kaldi/egs/lex/wavlib/data /home/chiranjeevi/kaldi/egs/lex/wavlib/data/lang /home/chiranjeevi/kaldi/egs/chiru/FA_wordTrans/exp/nnet2_online/nnet_ms_a_online /home/chiranjeevi/kaldi/egs/chiru/FA_wordTrans/exp/nnet2_online/nnet_ms_a_online/ali
steps/online/nnet2/align.sh [info]: no segments file exists, using wav.scp.
steps/online/nnet2/align.sh: aligning data in /home/chiranjeevi/kaldi/egs/lex/wavlib/data using model from /home/chiranjeevi/kaldi/egs/chiru/FA_wordTrans/exp/nnet2_online/nnet_ms_a_online, putting alignments in /home/chiranjeevi/kaldi/egs/chiru/FA_wordTrans/exp/nnet2_online/nnet_ms_a_online/ali
steps/online/nnet2/align.sh --nj 1 /home/chiranjeevi/kaldi/egs/lex/wavlib/data /home/chiranjeevi/kaldi/egs/lex/wavlib/data/lang /home/chiranjeevi/kaldi/egs/lex/wavlib/exp/nnet2_online/nnet_ms_a_online /home/chiranjeevi/kaldi/egs/lex/wavlib/exp/nnet2_online/nnet_ms_a_online/ali
steps/online/nnet2/align.sh [info]: no segments file exists, using wav.scp.
steps/online/nnet2/align.sh: aligning data in /home/chiranjeevi/kaldi/egs/lex/wavlib/data using model from /home/chiranjeevi/kaldi/egs/lex/wavlib/exp/nnet2_online/nnet_ms_a_online, putting alignments in /home/chiranjeevi/kaldi/egs/lex/wavlib/exp/nnet2_online/nnet_ms_a_online/ali
steps/online/nnet2/align.sh --nj 1 /home/chiranjeevi/kaldi/egs/lex/wavlib/data /home/chiranjeevi/kaldi/egs/lex/wavlib/data/lang /home/chiranjeevi/kaldi/egs/lex/wavlib/exp/nnet2_online/nnet_ms_a_online /home/chiranjeevi/kaldi/egs/lex/wavlib/exp/nnet2_online/nnet_ms_a_online/ali
steps/online/nnet2/align.sh [info]: no segments file exists, using wav.scp.
steps/online/nnet2/align.sh: aligning data in /home/chiranjeevi/kaldi/egs/lex/wavlib/data using model from /home/chiranjeevi/kaldi/egs/lex/wavlib/exp/nnet2_online/nnet_ms_a_online, putting alignments in /home/chiranjeevi/kaldi/egs/lex/wavlib/exp/nnet2_online/nnet_ms_a_online/ali
steps/online/nnet2/align.sh: done aligning data.
hehe,/home/chiranjeevi/kaldi/egs/lex
steps/online/nnet2/align.sh --nj 1 /home/chiranjeevi/kaldi/egs/lex/wavlib/data /home/chiranjeevi/kaldi/egs/lex/wavlib/data/lang /home/chiranjeevi/kaldi/egs/lex/wavlib/wav /home/chiranjeevi/kaldi/egs/lex/wavlib/wav/ali
steps/online/nnet2/align.sh: no such file /home/chiranjeevi/kaldi/egs/lex/wavlib/wav/tree
steps/online/nnet2/align.sh --nj 1 /home/chiranjeevi/kaldi/egs/lex/wavlib/data /home/chiranjeevi/kaldi/egs/lex/wavlib/data/lang /home/chiranjeevi/kaldi/egs/lex/wavlib/wav /home/chiranjeevi/kaldi/egs/lex/wavlib/wav/ali
steps/online/nnet2/align.sh: no such file /home/chiranjeevi/kaldi/egs/lex/wavlib/wav/tree
steps/online/nnet2/align.sh --nj 1 /home/chiranjeevi/kaldi/egs/lex/wavlib/data /home/chiranjeevi/kaldi/egs/lex/wavlib/data/lang /home/chiranjeevi/kaldi/egs/lex/wavlib/wav /home/chiranjeevi/kaldi/egs/lex/wavlib/wav/ali
steps/online/nnet2/align.sh: no such file /home/chiranjeevi/kaldi/egs/lex/wavlib/wav/tree
steps/online/nnet2/align.sh --nj 1 /home/chiranjeevi/kaldi/egs/lex/wavlib/data /home/chiranjeevi/kaldi/egs/lex/wavlib/data/lang /home/chiranjeevi/kaldi/egs/lex/wavlib/wav /home/chiranjeevi/kaldi/egs/lex/wavlib/wav/ali
steps/online/nnet2/align.sh: no such file /home/chiranjeevi/kaldi/egs/lex/wavlib/wav/tree
steps/online/nnet2/align.sh --nj 1 /home/chiranjeevi/kaldi/egs/lex/wavlib/data /home/chiranjeevi/kaldi/egs/lex/wavlib/data/lang /home/chiranjeevi/kaldi/egs/lex/wavlib/wav /home/chiranjeevi/kaldi/egs/lex/wavlib/wav/ali
steps/online/nnet2/align.sh: no such file /home/chiranjeevi/kaldi/egs/lex/wavlib/wav/tree
steps/online/nnet2/align.sh --nj 1 /home/chiranjeevi/kaldi/egs/lex/wavlib/data /home/chiranjeevi/kaldi/egs/lex/wavlib/data/lang /home/chiranjeevi/kaldi/egs/lex/wavlib/wav /home/chiranjeevi/kaldi/egs/lex/wavlib/wav/ali
steps/online/nnet2/align.sh: no such file /home/chiranjeevi/kaldi/egs/lex/wavlib/wav/tree
steps/online/nnet2/align.sh --nj 1 /home/chiranjeevi/kaldi/egs/lex/wavlib/data /home/chiranjeevi/kaldi/egs/lex/wavlib/data/lang /home/chiranjeevi/kaldi/egs/lex/wavlib/wav /home/chiranjeevi/kaldi/egs/lex/wavlib/wav/ali
steps/online/nnet2/align.sh: no such file /home/chiranjeevi/kaldi/egs/lex/wavlib/wav/tree
steps/online/nnet2/align.sh --nj 1 /home/chiranjeevi/kaldi/egs/lex/wavlib/data /home/chiranjeevi/kaldi/egs/lex/wavlib/data/lang /home/chiranjeevi/kaldi/egs/lex/wavlib/wav /home/chiranjeevi/kaldi/egs/lex/wavlib/wav/ali
steps/online/nnet2/align.sh: no such file /home/chiranjeevi/kaldi/egs/lex/wavlib/wav/tree
steps/online/nnet2/align.sh --nj 1 /home/chiranjeevi/kaldi/egs/lex/wavlib/data /home/chiranjeevi/kaldi/egs/lex/wavlib/data/lang /home/chiranjeevi/kaldi/egs/lex/wavlib/wav /home/chiranjeevi/kaldi/egs/lex/wavlib/wav/ali
steps/online/nnet2/align.sh: no such file /home/chiranjeevi/kaldi/egs/lex/wavlib/wav/tree
steps/online/nnet2/align.sh --nj 1 /home/chiranjeevi/kaldi/egs/chiru/FA_wordTrans/data /home/chiranjeevi/kaldi/egs/chiru/FA_wordTrans/data/lang /home/chiranjeevi/kaldi/egs/lex/wavlib/wav /home/chiranjeevi/kaldi/egs/lex/wavlib/wav/ali
steps/online/nnet2/align.sh: no such file /home/chiranjeevi/kaldi/egs/lex/wavlib/wav/tree
steps/online/nnet2/align.sh --nj 1 /home/chiranjeevi/kaldi/egs/chiru/FA_wordTrans/data /home/chiranjeevi/kaldi/egs/chiru/FA_wordTrans/data/lang /home/chiranjeevi/kaldi/egs/lex/wavlib/wav /home/chiranjeevi/kaldi/egs/lex/wavlib/wav/ali
steps/online/nnet2/align.sh: no such file /home/chiranjeevi/kaldi/egs/lex/wavlib/wav/tree
steps/online/nnet2/align.sh --nj 1 /home/chiranjeevi/kaldi/egs/chiru/FA_wordTrans/data /home/chiranjeevi/kaldi/egs/chiru/FA_wordTrans/data/lang /home/chiranjeevi/kaldi/egs/lex/wavlib/wav /home/chiranjeevi/kaldi/egs/lex/wavlib/wav/ali
steps/online/nnet2/align.sh: no such file /home/chiranjeevi/kaldi/egs/lex/wavlib/wav/tree
steps/online/nnet2/align.sh --nj 1 /home/chiranjeevi/kaldi/egs/chiru/FA_wordTrans/data /home/chiranjeevi/kaldi/egs/chiru/FA_wordTrans/data/lang /home/chiranjeevi/kaldi/egs/lex/wavlib/wav /home/chiranjeevi/kaldi/egs/lex/wavlib/wav/ali
steps/online/nnet2/align.sh: no such file /home/chiranjeevi/kaldi/egs/lex/wavlib/wav/tree
